[0.302s] Invoking command in '/home/fourfold/dev/inmind sessions/inmind-session-13/src/ball_finder': PYTHONPATH=/home/fourfold/dev/inmind sessions/inmind-session-13/build/ball_finder/prefix_override:/usr/lib/python3/dist-packages/colcon_core/task/python/colcon_distutils_commands:/home/fourfold/dev/inmind sessions/inmind-session-13/install/ball_finder/lib/python3.10/site-packages:${PYTHONPATH} /usr/bin/python3 -W ignore:setup.py install is deprecated setup.py egg_info --egg-base ../../build/ball_finder build --build-base /home/fourfold/dev/inmind sessions/inmind-session-13/build/ball_finder/build install --record /home/fourfold/dev/inmind sessions/inmind-session-13/build/ball_finder/install.log --single-version-externally-managed install_data
[0.421s] running egg_info
[0.421s] writing ../../build/ball_finder/ball_finder.egg-info/PKG-INFO
[0.421s] writing dependency_links to ../../build/ball_finder/ball_finder.egg-info/dependency_links.txt
[0.421s] writing entry points to ../../build/ball_finder/ball_finder.egg-info/entry_points.txt
[0.421s] writing requirements to ../../build/ball_finder/ball_finder.egg-info/requires.txt
[0.421s] writing top-level names to ../../build/ball_finder/ball_finder.egg-info/top_level.txt
[0.422s] reading manifest file '../../build/ball_finder/ball_finder.egg-info/SOURCES.txt'
[0.423s] writing manifest file '../../build/ball_finder/ball_finder.egg-info/SOURCES.txt'
[0.423s] running build
[0.423s] running build_py
[0.423s] copying ball_finder/ball_finder.py -> /home/fourfold/dev/inmind sessions/inmind-session-13/build/ball_finder/build/lib/ball_finder
[0.423s] running install
[0.423s] running install_lib
[0.423s] copying /home/fourfold/dev/inmind sessions/inmind-session-13/build/ball_finder/build/lib/ball_finder/ball_finder.py -> /home/fourfold/dev/inmind sessions/inmind-session-13/install/ball_finder/lib/python3.10/site-packages/ball_finder
[0.424s] byte-compiling /home/fourfold/dev/inmind sessions/inmind-session-13/install/ball_finder/lib/python3.10/site-packages/ball_finder/ball_finder.py to ball_finder.cpython-310.pyc
[0.424s] running install_data
[0.424s] running install_egg_info
[0.425s] removing '/home/fourfold/dev/inmind sessions/inmind-session-13/install/ball_finder/lib/python3.10/site-packages/ball_finder-0.0.0-py3.10.egg-info' (and everything under it)
[0.425s] Copying ../../build/ball_finder/ball_finder.egg-info to /home/fourfold/dev/inmind sessions/inmind-session-13/install/ball_finder/lib/python3.10/site-packages/ball_finder-0.0.0-py3.10.egg-info
[0.425s] running install_scripts
[0.437s] Installing finder script to /home/fourfold/dev/inmind sessions/inmind-session-13/install/ball_finder/lib/ball_finder
[0.438s] writing list of installed files to '/home/fourfold/dev/inmind sessions/inmind-session-13/build/ball_finder/install.log'
[0.450s] Invoked command in '/home/fourfold/dev/inmind sessions/inmind-session-13/src/ball_finder' returned '0': PYTHONPATH=/home/fourfold/dev/inmind sessions/inmind-session-13/build/ball_finder/prefix_override:/usr/lib/python3/dist-packages/colcon_core/task/python/colcon_distutils_commands:/home/fourfold/dev/inmind sessions/inmind-session-13/install/ball_finder/lib/python3.10/site-packages:${PYTHONPATH} /usr/bin/python3 -W ignore:setup.py install is deprecated setup.py egg_info --egg-base ../../build/ball_finder build --build-base /home/fourfold/dev/inmind sessions/inmind-session-13/build/ball_finder/build install --record /home/fourfold/dev/inmind sessions/inmind-session-13/build/ball_finder/install.log --single-version-externally-managed install_data
