[0.067s] DEBUG:colcon:Command line arguments: ['/usr/bin/colcon', 'build']
[0.067s] DEBUG:colcon:Parsed command line arguments: Namespace(log_base=None, log_level=None, verb_name='build', build_base='build', install_base='install', merge_install=False, symlink_install=False, test_result_base=None, continue_on_error=False, executor='parallel', parallel_workers=16, event_handlers=None, ignore_user_meta=False, metas=['./colcon.meta'], base_paths=['.'], packages_ignore=None, packages_ignore_regex=None, paths=None, packages_up_to=None, packages_up_to_regex=None, packages_above=None, packages_above_and_dependencies=None, packages_above_depth=None, packages_select_by_dep=None, packages_skip_by_dep=None, packages_skip_up_to=None, packages_select_build_failed=False, packages_skip_build_finished=False, packages_select_test_failures=False, packages_skip_test_passed=False, packages_select=None, packages_skip=None, packages_select_regex=None, packages_skip_regex=None, packages_start=None, packages_end=None, allow_overriding=[], cmake_args=None, cmake_target=None, cmake_target_skip_unavailable=False, cmake_clean_cache=False, cmake_clean_first=False, cmake_force_configure=False, ament_cmake_args=None, catkin_cmake_args=None, catkin_skip_building_tests=False, mixin_files=None, mixin=None, verb_parser=<colcon_mixin.mixin.mixin_argument.MixinArgumentDecorator object at 0x7ca4eeee6890>, verb_extension=<colcon_core.verb.build.BuildVerb object at 0x7ca4eeee63e0>, main=<bound method BuildVerb.main of <colcon_core.verb.build.BuildVerb object at 0x7ca4eeee63e0>>, mixin_verb=('build',))
[0.154s] Level 1:colcon.colcon_core.package_discovery:discover_packages(colcon_meta) check parameters
[0.154s] Level 1:colcon.colcon_core.package_discovery:discover_packages(recursive) check parameters
[0.154s] Level 1:colcon.colcon_core.package_discovery:discover_packages(ignore) check parameters
[0.154s] Level 1:colcon.colcon_core.package_discovery:discover_packages(path) check parameters
[0.154s] Level 1:colcon.colcon_core.package_discovery:discover_packages(colcon_meta) discover
[0.154s] Level 1:colcon.colcon_core.package_discovery:discover_packages(recursive) discover
[0.154s] INFO:colcon.colcon_core.package_discovery:Crawling recursively for packages in '/home/fourfold/dev/inmind sessions/inmind-session-13'
[0.154s] Level 1:colcon.colcon_core.package_identification:_identify(.) by extensions ['ignore', 'ignore_ament_install']
[0.154s] Level 1:colcon.colcon_core.package_identification:_identify(.) by extension 'ignore'
[0.154s] Level 1:colcon.colcon_core.package_identification:_identify(.) by extension 'ignore_ament_install'
[0.154s] Level 1:colcon.colcon_core.package_identification:_identify(.) by extensions ['colcon_pkg']
[0.154s] Level 1:colcon.colcon_core.package_identification:_identify(.) by extension 'colcon_pkg'
[0.154s] Level 1:colcon.colcon_core.package_identification:_identify(.) by extensions ['colcon_meta']
[0.154s] Level 1:colcon.colcon_core.package_identification:_identify(.) by extension 'colcon_meta'
[0.154s] Level 1:colcon.colcon_core.package_identification:_identify(.) by extensions ['ros']
[0.154s] Level 1:colcon.colcon_core.package_identification:_identify(.) by extension 'ros'
[0.161s] Level 1:colcon.colcon_core.package_identification:_identify(.) by extensions ['cmake', 'python']
[0.161s] Level 1:colcon.colcon_core.package_identification:_identify(.) by extension 'cmake'
[0.161s] Level 1:colcon.colcon_core.package_identification:_identify(.) by extension 'python'
[0.161s] Level 1:colcon.colcon_core.package_identification:_identify(.) by extensions ['python_setup_py']
[0.161s] Level 1:colcon.colcon_core.package_identification:_identify(.) by extension 'python_setup_py'
[0.162s] Level 1:colcon.colcon_core.package_identification:_identify(build) by extensions ['ignore', 'ignore_ament_install']
[0.162s] Level 1:colcon.colcon_core.package_identification:_identify(build) by extension 'ignore'
[0.162s] Level 1:colcon.colcon_core.package_identification:_identify(build) ignored
[0.162s] Level 1:colcon.colcon_core.package_identification:_identify(install) by extensions ['ignore', 'ignore_ament_install']
[0.162s] Level 1:colcon.colcon_core.package_identification:_identify(install) by extension 'ignore'
[0.162s] Level 1:colcon.colcon_core.package_identification:_identify(install) ignored
[0.162s] Level 1:colcon.colcon_core.package_identification:_identify(log) by extensions ['ignore', 'ignore_ament_install']
[0.162s] Level 1:colcon.colcon_core.package_identification:_identify(log) by extension 'ignore'
[0.162s] Level 1:colcon.colcon_core.package_identification:_identify(log) ignored
[0.162s] Level 1:colcon.colcon_core.package_identification:_identify(src) by extensions ['ignore', 'ignore_ament_install']
[0.162s] Level 1:colcon.colcon_core.package_identification:_identify(src) by extension 'ignore'
[0.162s] Level 1:colcon.colcon_core.package_identification:_identify(src) by extension 'ignore_ament_install'
[0.162s] Level 1:colcon.colcon_core.package_identification:_identify(src) by extensions ['colcon_pkg']
[0.162s] Level 1:colcon.colcon_core.package_identification:_identify(src) by extension 'colcon_pkg'
[0.162s] Level 1:colcon.colcon_core.package_identification:_identify(src) by extensions ['colcon_meta']
[0.162s] Level 1:colcon.colcon_core.package_identification:_identify(src) by extension 'colcon_meta'
[0.162s] Level 1:colcon.colcon_core.package_identification:_identify(src) by extensions ['ros']
[0.162s] Level 1:colcon.colcon_core.package_identification:_identify(src) by extension 'ros'
[0.162s] Level 1:colcon.colcon_core.package_identification:_identify(src) by extensions ['cmake', 'python']
[0.162s] Level 1:colcon.colcon_core.package_identification:_identify(src) by extension 'cmake'
[0.162s] Level 1:colcon.colcon_core.package_identification:_identify(src) by extension 'python'
[0.162s] Level 1:colcon.colcon_core.package_identification:_identify(src) by extensions ['python_setup_py']
[0.162s] Level 1:colcon.colcon_core.package_identification:_identify(src) by extension 'python_setup_py'
[0.162s] Level 1:colcon.colcon_core.package_identification:_identify(src/ball_finder) by extensions ['ignore', 'ignore_ament_install']
[0.162s] Level 1:colcon.colcon_core.package_identification:_identify(src/ball_finder) by extension 'ignore'
[0.162s] Level 1:colcon.colcon_core.package_identification:_identify(src/ball_finder) by extension 'ignore_ament_install'
[0.162s] Level 1:colcon.colcon_core.package_identification:_identify(src/ball_finder) by extensions ['colcon_pkg']
[0.162s] Level 1:colcon.colcon_core.package_identification:_identify(src/ball_finder) by extension 'colcon_pkg'
[0.162s] Level 1:colcon.colcon_core.package_identification:_identify(src/ball_finder) by extensions ['colcon_meta']
[0.163s] Level 1:colcon.colcon_core.package_identification:_identify(src/ball_finder) by extension 'colcon_meta'
[0.163s] Level 1:colcon.colcon_core.package_identification:_identify(src/ball_finder) by extensions ['ros']
[0.163s] Level 1:colcon.colcon_core.package_identification:_identify(src/ball_finder) by extension 'ros'
[0.164s] DEBUG:colcon.colcon_core.package_identification:Package 'src/ball_finder' with type 'ros.ament_python' and name 'ball_finder'
[0.164s] Level 1:colcon.colcon_core.package_identification:_identify(src/waffle_camera) by extensions ['ignore', 'ignore_ament_install']
[0.164s] Level 1:colcon.colcon_core.package_identification:_identify(src/waffle_camera) by extension 'ignore'
[0.164s] Level 1:colcon.colcon_core.package_identification:_identify(src/waffle_camera) by extension 'ignore_ament_install'
[0.164s] Level 1:colcon.colcon_core.package_identification:_identify(src/waffle_camera) by extensions ['colcon_pkg']
[0.164s] Level 1:colcon.colcon_core.package_identification:_identify(src/waffle_camera) by extension 'colcon_pkg'
[0.164s] Level 1:colcon.colcon_core.package_identification:_identify(src/waffle_camera) by extensions ['colcon_meta']
[0.164s] Level 1:colcon.colcon_core.package_identification:_identify(src/waffle_camera) by extension 'colcon_meta'
[0.165s] Level 1:colcon.colcon_core.package_identification:_identify(src/waffle_camera) by extensions ['ros']
[0.165s] Level 1:colcon.colcon_core.package_identification:_identify(src/waffle_camera) by extension 'ros'
[0.165s] DEBUG:colcon.colcon_core.package_identification:Package 'src/waffle_camera' with type 'ros.ament_cmake' and name 'waffle_camera'
[0.165s] Level 1:colcon.colcon_core.package_discovery:discover_packages(recursive) using defaults
[0.165s] Level 1:colcon.colcon_core.package_discovery:discover_packages(ignore) discover
[0.165s] Level 1:colcon.colcon_core.package_discovery:discover_packages(ignore) using defaults
[0.165s] Level 1:colcon.colcon_core.package_discovery:discover_packages(path) discover
[0.165s] Level 1:colcon.colcon_core.package_discovery:discover_packages(path) using defaults
[0.177s] Level 1:colcon.colcon_core.package_discovery:discover_packages(prefix_path) check parameters
[0.177s] Level 1:colcon.colcon_core.package_discovery:discover_packages(prefix_path) discover
[0.178s] DEBUG:colcon.colcon_installed_package_information.package_discovery:Found 2 installed packages in /home/fourfold/dev/inmind sessions/inmind-session-13/install
[0.179s] DEBUG:colcon.colcon_installed_package_information.package_discovery:Found 15 installed packages in /home/fourfold/dev/turtlebot3_ws/install
[0.179s] DEBUG:colcon.colcon_installed_package_information.package_discovery:Found 2 installed packages in /home/fourfold/dev/inmind sessions/inmind-session-9/session-9-assignment-firas/install
[0.180s] DEBUG:colcon.colcon_installed_package_information.package_discovery:Found 323 installed packages in /opt/ros/humble
[0.189s] Level 1:colcon.colcon_core.package_discovery:discover_packages(prefix_path) using defaults
[0.213s] Level 5:colcon.colcon_core.verb:set package 'ball_finder' build argument 'cmake_args' from command line to 'None'
[0.214s] Level 5:colcon.colcon_core.verb:set package 'ball_finder' build argument 'cmake_target' from command line to 'None'
[0.214s] Level 5:colcon.colcon_core.verb:set package 'ball_finder' build argument 'cmake_target_skip_unavailable' from command line to 'False'
[0.214s] Level 5:colcon.colcon_core.verb:set package 'ball_finder' build argument 'cmake_clean_cache' from command line to 'False'
[0.214s] Level 5:colcon.colcon_core.verb:set package 'ball_finder' build argument 'cmake_clean_first' from command line to 'False'
[0.214s] Level 5:colcon.colcon_core.verb:set package 'ball_finder' build argument 'cmake_force_configure' from command line to 'False'
[0.214s] Level 5:colcon.colcon_core.verb:set package 'ball_finder' build argument 'ament_cmake_args' from command line to 'None'
[0.214s] Level 5:colcon.colcon_core.verb:set package 'ball_finder' build argument 'catkin_cmake_args' from command line to 'None'
[0.214s] Level 5:colcon.colcon_core.verb:set package 'ball_finder' build argument 'catkin_skip_building_tests' from command line to 'False'
[0.214s] DEBUG:colcon.colcon_core.verb:Building package 'ball_finder' with the following arguments: {'ament_cmake_args': None, 'build_base': '/home/fourfold/dev/inmind sessions/inmind-session-13/build/ball_finder', 'catkin_cmake_args': None, 'catkin_skip_building_tests': False, 'cmake_args': None, 'cmake_clean_cache': False, 'cmake_clean_first': False, 'cmake_force_configure': False, 'cmake_target': None, 'cmake_target_skip_unavailable': False, 'install_base': '/home/fourfold/dev/inmind sessions/inmind-session-13/install/ball_finder', 'merge_install': False, 'path': '/home/fourfold/dev/inmind sessions/inmind-session-13/src/ball_finder', 'symlink_install': False, 'test_result_base': None}
[0.214s] Level 5:colcon.colcon_core.verb:set package 'waffle_camera' build argument 'cmake_args' from command line to 'None'
[0.214s] Level 5:colcon.colcon_core.verb:set package 'waffle_camera' build argument 'cmake_target' from command line to 'None'
[0.214s] Level 5:colcon.colcon_core.verb:set package 'waffle_camera' build argument 'cmake_target_skip_unavailable' from command line to 'False'
[0.214s] Level 5:colcon.colcon_core.verb:set package 'waffle_camera' build argument 'cmake_clean_cache' from command line to 'False'
[0.214s] Level 5:colcon.colcon_core.verb:set package 'waffle_camera' build argument 'cmake_clean_first' from command line to 'False'
[0.214s] Level 5:colcon.colcon_core.verb:set package 'waffle_camera' build argument 'cmake_force_configure' from command line to 'False'
[0.214s] Level 5:colcon.colcon_core.verb:set package 'waffle_camera' build argument 'ament_cmake_args' from command line to 'None'
[0.214s] Level 5:colcon.colcon_core.verb:set package 'waffle_camera' build argument 'catkin_cmake_args' from command line to 'None'
[0.214s] Level 5:colcon.colcon_core.verb:set package 'waffle_camera' build argument 'catkin_skip_building_tests' from command line to 'False'
[0.214s] DEBUG:colcon.colcon_core.verb:Building package 'waffle_camera' with the following arguments: {'ament_cmake_args': None, 'build_base': '/home/fourfold/dev/inmind sessions/inmind-session-13/build/waffle_camera', 'catkin_cmake_args': None, 'catkin_skip_building_tests': False, 'cmake_args': None, 'cmake_clean_cache': False, 'cmake_clean_first': False, 'cmake_force_configure': False, 'cmake_target': None, 'cmake_target_skip_unavailable': False, 'install_base': '/home/fourfold/dev/inmind sessions/inmind-session-13/install/waffle_camera', 'merge_install': False, 'path': '/home/fourfold/dev/inmind sessions/inmind-session-13/src/waffle_camera', 'symlink_install': False, 'test_result_base': None}
[0.214s] INFO:colcon.colcon_core.executor:Executing jobs using 'parallel' executor
[0.215s] DEBUG:colcon.colcon_parallel_executor.executor.parallel:run_until_complete
[0.215s] INFO:colcon.colcon_ros.task.ament_python.build:Building ROS package in '/home/fourfold/dev/inmind sessions/inmind-session-13/src/ball_finder' with build type 'ament_python'
[0.215s] Level 1:colcon.colcon_core.shell:create_environment_hook('ball_finder', 'ament_prefix_path')
[0.217s] INFO:colcon.colcon_core.plugin_system:Skipping extension 'colcon_core.shell.bat': Not used on non-Windows systems
[0.218s] INFO:colcon.colcon_core.shell:Creating environment hook '/home/fourfold/dev/inmind sessions/inmind-session-13/install/ball_finder/share/ball_finder/hook/ament_prefix_path.ps1'
[0.218s] INFO:colcon.colcon_core.shell:Creating environment descriptor '/home/fourfold/dev/inmind sessions/inmind-session-13/install/ball_finder/share/ball_finder/hook/ament_prefix_path.dsv'
[0.219s] INFO:colcon.colcon_core.shell:Creating environment hook '/home/fourfold/dev/inmind sessions/inmind-session-13/install/ball_finder/share/ball_finder/hook/ament_prefix_path.sh'
[0.219s] INFO:colcon.colcon_core.shell:Skip shell extension 'powershell' for command environment: Not usable outside of PowerShell
[0.219s] DEBUG:colcon.colcon_core.shell:Skip shell extension 'dsv' for command environment
[0.223s] INFO:colcon.colcon_ros.task.ament_cmake.build:Building ROS package in '/home/fourfold/dev/inmind sessions/inmind-session-13/src/waffle_camera' with build type 'ament_cmake'
[0.223s] INFO:colcon.colcon_cmake.task.cmake.build:Building CMake package in '/home/fourfold/dev/inmind sessions/inmind-session-13/src/waffle_camera'
[0.223s] INFO:colcon.colcon_core.shell:Skip shell extension 'powershell' for command environment: Not usable outside of PowerShell
[0.223s] DEBUG:colcon.colcon_core.shell:Skip shell extension 'dsv' for command environment
[0.372s] INFO:colcon.colcon_core.task.python.build:Building Python package in '/home/fourfold/dev/inmind sessions/inmind-session-13/src/ball_finder'
[0.372s] INFO:colcon.colcon_core.shell:Skip shell extension 'powershell' for command environment: Not usable outside of PowerShell
[0.372s] DEBUG:colcon.colcon_core.shell:Skip shell extension 'dsv' for command environment
[0.378s] DEBUG:colcon.colcon_core.event_handler.log_command:Invoking command in '/home/fourfold/dev/inmind sessions/inmind-session-13/build/waffle_camera': CMAKE_PREFIX_PATH=${CMAKE_PREFIX_PATH}:/home/fourfold/dev/inmind sessions/inmind-session-13/install/ball_finder:/home/fourfold/dev/turtlebot3_ws/install/turtlebot3_teleop:/home/fourfold/dev/turtlebot3_ws/install/turtlebot3_example:/opt/ros/humble /usr/bin/cmake --build /home/fourfold/dev/inmind sessions/inmind-session-13/build/waffle_camera -- -j16 -l16
[0.406s] DEBUG:colcon.colcon_core.event_handler.log_command:Invoked command in '/home/fourfold/dev/inmind sessions/inmind-session-13/build/waffle_camera' returned '0': CMAKE_PREFIX_PATH=${CMAKE_PREFIX_PATH}:/home/fourfold/dev/inmind sessions/inmind-session-13/install/ball_finder:/home/fourfold/dev/turtlebot3_ws/install/turtlebot3_teleop:/home/fourfold/dev/turtlebot3_ws/install/turtlebot3_example:/opt/ros/humble /usr/bin/cmake --build /home/fourfold/dev/inmind sessions/inmind-session-13/build/waffle_camera -- -j16 -l16
[0.428s] DEBUG:colcon.colcon_core.event_handler.log_command:Invoking command in '/home/fourfold/dev/inmind sessions/inmind-session-13/build/waffle_camera': CMAKE_PREFIX_PATH=${CMAKE_PREFIX_PATH}:/home/fourfold/dev/inmind sessions/inmind-session-13/install/ball_finder:/home/fourfold/dev/turtlebot3_ws/install/turtlebot3_teleop:/home/fourfold/dev/turtlebot3_ws/install/turtlebot3_example:/opt/ros/humble /usr/bin/cmake --install /home/fourfold/dev/inmind sessions/inmind-session-13/build/waffle_camera
[0.434s] Level 1:colcon.colcon_core.environment:create_environment_scripts_only(waffle_camera)
[0.434s] DEBUG:colcon.colcon_core.event_handler.log_command:Invoked command in '/home/fourfold/dev/inmind sessions/inmind-session-13/build/waffle_camera' returned '0': CMAKE_PREFIX_PATH=${CMAKE_PREFIX_PATH}:/home/fourfold/dev/inmind sessions/inmind-session-13/install/ball_finder:/home/fourfold/dev/turtlebot3_ws/install/turtlebot3_teleop:/home/fourfold/dev/turtlebot3_ws/install/turtlebot3_example:/opt/ros/humble /usr/bin/cmake --install /home/fourfold/dev/inmind sessions/inmind-session-13/build/waffle_camera
[0.436s] Level 1:colcon.colcon_core.environment:checking '/home/fourfold/dev/inmind sessions/inmind-session-13/install/waffle_camera' for CMake module files
[0.436s] Level 1:colcon.colcon_core.environment:checking '/home/fourfold/dev/inmind sessions/inmind-session-13/install/waffle_camera' for CMake config files
[0.436s] Level 1:colcon.colcon_core.shell:create_environment_hook('waffle_camera', 'cmake_prefix_path')
[0.436s] INFO:colcon.colcon_core.shell:Creating environment hook '/home/fourfold/dev/inmind sessions/inmind-session-13/install/waffle_camera/share/waffle_camera/hook/cmake_prefix_path.ps1'
[0.437s] INFO:colcon.colcon_core.shell:Creating environment descriptor '/home/fourfold/dev/inmind sessions/inmind-session-13/install/waffle_camera/share/waffle_camera/hook/cmake_prefix_path.dsv'
[0.437s] INFO:colcon.colcon_core.shell:Creating environment hook '/home/fourfold/dev/inmind sessions/inmind-session-13/install/waffle_camera/share/waffle_camera/hook/cmake_prefix_path.sh'
[0.437s] Level 1:colcon.colcon_core.environment:checking '/home/fourfold/dev/inmind sessions/inmind-session-13/install/waffle_camera/bin'
[0.437s] Level 1:colcon.colcon_core.environment:checking '/home/fourfold/dev/inmind sessions/inmind-session-13/install/waffle_camera/lib/pkgconfig/waffle_camera.pc'
[0.437s] Level 1:colcon.colcon_core.environment:checking '/home/fourfold/dev/inmind sessions/inmind-session-13/install/waffle_camera/lib/python3.10/site-packages'
[0.437s] Level 1:colcon.colcon_core.environment:checking '/home/fourfold/dev/inmind sessions/inmind-session-13/install/waffle_camera/bin'
[0.438s] INFO:colcon.colcon_core.shell:Creating package script '/home/fourfold/dev/inmind sessions/inmind-session-13/install/waffle_camera/share/waffle_camera/package.ps1'
[0.438s] INFO:colcon.colcon_core.shell:Creating package descriptor '/home/fourfold/dev/inmind sessions/inmind-session-13/install/waffle_camera/share/waffle_camera/package.dsv'
[0.438s] INFO:colcon.colcon_core.shell:Creating package script '/home/fourfold/dev/inmind sessions/inmind-session-13/install/waffle_camera/share/waffle_camera/package.sh'
[0.439s] INFO:colcon.colcon_core.shell:Creating package script '/home/fourfold/dev/inmind sessions/inmind-session-13/install/waffle_camera/share/waffle_camera/package.bash'
[0.439s] INFO:colcon.colcon_core.shell:Creating package script '/home/fourfold/dev/inmind sessions/inmind-session-13/install/waffle_camera/share/waffle_camera/package.zsh'
[0.439s] Level 1:colcon.colcon_core.environment:create_file_with_runtime_dependencies(/home/fourfold/dev/inmind sessions/inmind-session-13/install/waffle_camera/share/colcon-core/packages/waffle_camera)
[0.455s] Level 1:colcon.colcon_core.environment:create_environment_scripts_only(waffle_camera)
[0.455s] Level 1:colcon.colcon_core.environment:checking '/home/fourfold/dev/inmind sessions/inmind-session-13/install/waffle_camera' for CMake module files
[0.455s] Level 1:colcon.colcon_core.environment:checking '/home/fourfold/dev/inmind sessions/inmind-session-13/install/waffle_camera' for CMake config files
[0.456s] Level 1:colcon.colcon_core.shell:create_environment_hook('waffle_camera', 'cmake_prefix_path')
[0.456s] INFO:colcon.colcon_core.shell:Creating environment hook '/home/fourfold/dev/inmind sessions/inmind-session-13/install/waffle_camera/share/waffle_camera/hook/cmake_prefix_path.ps1'
[0.456s] INFO:colcon.colcon_core.shell:Creating environment descriptor '/home/fourfold/dev/inmind sessions/inmind-session-13/install/waffle_camera/share/waffle_camera/hook/cmake_prefix_path.dsv'
[0.456s] INFO:colcon.colcon_core.shell:Creating environment hook '/home/fourfold/dev/inmind sessions/inmind-session-13/install/waffle_camera/share/waffle_camera/hook/cmake_prefix_path.sh'
[0.457s] Level 1:colcon.colcon_core.environment:checking '/home/fourfold/dev/inmind sessions/inmind-session-13/install/waffle_camera/bin'
[0.457s] Level 1:colcon.colcon_core.environment:checking '/home/fourfold/dev/inmind sessions/inmind-session-13/install/waffle_camera/lib/pkgconfig/waffle_camera.pc'
[0.457s] Level 1:colcon.colcon_core.environment:checking '/home/fourfold/dev/inmind sessions/inmind-session-13/install/waffle_camera/lib/python3.10/site-packages'
[0.457s] Level 1:colcon.colcon_core.environment:checking '/home/fourfold/dev/inmind sessions/inmind-session-13/install/waffle_camera/bin'
[0.458s] INFO:colcon.colcon_core.shell:Creating package script '/home/fourfold/dev/inmind sessions/inmind-session-13/install/waffle_camera/share/waffle_camera/package.ps1'
[0.458s] INFO:colcon.colcon_core.shell:Creating package descriptor '/home/fourfold/dev/inmind sessions/inmind-session-13/install/waffle_camera/share/waffle_camera/package.dsv'
[0.458s] INFO:colcon.colcon_core.shell:Creating package script '/home/fourfold/dev/inmind sessions/inmind-session-13/install/waffle_camera/share/waffle_camera/package.sh'
[0.458s] INFO:colcon.colcon_core.shell:Creating package script '/home/fourfold/dev/inmind sessions/inmind-session-13/install/waffle_camera/share/waffle_camera/package.bash'
[0.458s] INFO:colcon.colcon_core.shell:Creating package script '/home/fourfold/dev/inmind sessions/inmind-session-13/install/waffle_camera/share/waffle_camera/package.zsh'
[0.458s] Level 1:colcon.colcon_core.environment:create_file_with_runtime_dependencies(/home/fourfold/dev/inmind sessions/inmind-session-13/install/waffle_camera/share/colcon-core/packages/waffle_camera)
[0.572s] DEBUG:colcon.colcon_core.event_handler.log_command:Invoking command in '/home/fourfold/dev/inmind sessions/inmind-session-13/src/ball_finder': PYTHONPATH=/home/fourfold/dev/inmind sessions/inmind-session-13/build/ball_finder/prefix_override:/usr/lib/python3/dist-packages/colcon_core/task/python/colcon_distutils_commands:/home/fourfold/dev/inmind sessions/inmind-session-13/install/ball_finder/lib/python3.10/site-packages:${PYTHONPATH} /usr/bin/python3 -W ignore:setup.py install is deprecated setup.py egg_info --egg-base ../../build/ball_finder build --build-base /home/fourfold/dev/inmind sessions/inmind-session-13/build/ball_finder/build install --record /home/fourfold/dev/inmind sessions/inmind-session-13/build/ball_finder/install.log --single-version-externally-managed install_data
[0.738s] Level 1:colcon.colcon_core.environment:checking '/home/fourfold/dev/inmind sessions/inmind-session-13/install/ball_finder' for CMake module files
[0.738s] DEBUG:colcon.colcon_core.event_handler.log_command:Invoked command in '/home/fourfold/dev/inmind sessions/inmind-session-13/src/ball_finder' returned '0': PYTHONPATH=/home/fourfold/dev/inmind sessions/inmind-session-13/build/ball_finder/prefix_override:/usr/lib/python3/dist-packages/colcon_core/task/python/colcon_distutils_commands:/home/fourfold/dev/inmind sessions/inmind-session-13/install/ball_finder/lib/python3.10/site-packages:${PYTHONPATH} /usr/bin/python3 -W ignore:setup.py install is deprecated setup.py egg_info --egg-base ../../build/ball_finder build --build-base /home/fourfold/dev/inmind sessions/inmind-session-13/build/ball_finder/build install --record /home/fourfold/dev/inmind sessions/inmind-session-13/build/ball_finder/install.log --single-version-externally-managed install_data
[0.738s] Level 1:colcon.colcon_core.environment:checking '/home/fourfold/dev/inmind sessions/inmind-session-13/install/ball_finder' for CMake config files
[0.739s] Level 1:colcon.colcon_core.environment:checking '/home/fourfold/dev/inmind sessions/inmind-session-13/install/ball_finder/lib'
[0.739s] Level 1:colcon.colcon_core.environment:checking '/home/fourfold/dev/inmind sessions/inmind-session-13/install/ball_finder/bin'
[0.739s] Level 1:colcon.colcon_core.environment:checking '/home/fourfold/dev/inmind sessions/inmind-session-13/install/ball_finder/lib/pkgconfig/ball_finder.pc'
[0.739s] Level 1:colcon.colcon_core.environment:checking '/home/fourfold/dev/inmind sessions/inmind-session-13/install/ball_finder/lib/python3.10/site-packages'
[0.739s] Level 1:colcon.colcon_core.shell:create_environment_hook('ball_finder', 'pythonpath')
[0.739s] INFO:colcon.colcon_core.shell:Creating environment hook '/home/fourfold/dev/inmind sessions/inmind-session-13/install/ball_finder/share/ball_finder/hook/pythonpath.ps1'
[0.739s] INFO:colcon.colcon_core.shell:Creating environment descriptor '/home/fourfold/dev/inmind sessions/inmind-session-13/install/ball_finder/share/ball_finder/hook/pythonpath.dsv'
[0.740s] INFO:colcon.colcon_core.shell:Creating environment hook '/home/fourfold/dev/inmind sessions/inmind-session-13/install/ball_finder/share/ball_finder/hook/pythonpath.sh'
[0.740s] Level 1:colcon.colcon_core.environment:checking '/home/fourfold/dev/inmind sessions/inmind-session-13/install/ball_finder/bin'
[0.740s] Level 1:colcon.colcon_core.environment:create_environment_scripts_only(ball_finder)
[0.740s] INFO:colcon.colcon_core.shell:Creating package script '/home/fourfold/dev/inmind sessions/inmind-session-13/install/ball_finder/share/ball_finder/package.ps1'
[0.740s] INFO:colcon.colcon_core.shell:Creating package descriptor '/home/fourfold/dev/inmind sessions/inmind-session-13/install/ball_finder/share/ball_finder/package.dsv'
[0.740s] INFO:colcon.colcon_core.shell:Creating package script '/home/fourfold/dev/inmind sessions/inmind-session-13/install/ball_finder/share/ball_finder/package.sh'
[0.741s] INFO:colcon.colcon_core.shell:Creating package script '/home/fourfold/dev/inmind sessions/inmind-session-13/install/ball_finder/share/ball_finder/package.bash'
[0.741s] INFO:colcon.colcon_core.shell:Creating package script '/home/fourfold/dev/inmind sessions/inmind-session-13/install/ball_finder/share/ball_finder/package.zsh'
[0.741s] Level 1:colcon.colcon_core.environment:create_file_with_runtime_dependencies(/home/fourfold/dev/inmind sessions/inmind-session-13/install/ball_finder/share/colcon-core/packages/ball_finder)
[0.741s] DEBUG:colcon.colcon_parallel_executor.executor.parallel:closing loop
[0.741s] DEBUG:colcon.colcon_parallel_executor.executor.parallel:loop closed
[0.741s] DEBUG:colcon.colcon_parallel_executor.executor.parallel:run_until_complete finished with '0'
[0.741s] DEBUG:colcon.colcon_core.event_reactor:joining thread
[0.745s] INFO:colcon.colcon_core.plugin_system:Skipping extension 'colcon_notification.desktop_notification.terminal_notifier': Not used on non-Darwin systems
[0.745s] INFO:colcon.colcon_core.plugin_system:Skipping extension 'colcon_notification.desktop_notification.win32': Not used on non-Windows systems
[0.745s] INFO:colcon.colcon_notification.desktop_notification:Sending desktop notification using 'notify2'
[0.754s] DEBUG:colcon.colcon_core.event_reactor:joined thread
[0.754s] INFO:colcon.colcon_core.shell:Creating prefix script '/home/fourfold/dev/inmind sessions/inmind-session-13/install/local_setup.ps1'
[0.755s] INFO:colcon.colcon_core.shell:Creating prefix util module '/home/fourfold/dev/inmind sessions/inmind-session-13/install/_local_setup_util_ps1.py'
[0.756s] INFO:colcon.colcon_core.shell:Creating prefix chain script '/home/fourfold/dev/inmind sessions/inmind-session-13/install/setup.ps1'
[0.757s] INFO:colcon.colcon_core.shell:Creating prefix script '/home/fourfold/dev/inmind sessions/inmind-session-13/install/local_setup.sh'
[0.757s] INFO:colcon.colcon_core.shell:Creating prefix util module '/home/fourfold/dev/inmind sessions/inmind-session-13/install/_local_setup_util_sh.py'
[0.757s] INFO:colcon.colcon_core.shell:Creating prefix chain script '/home/fourfold/dev/inmind sessions/inmind-session-13/install/setup.sh'
[0.758s] INFO:colcon.colcon_core.shell:Creating prefix script '/home/fourfold/dev/inmind sessions/inmind-session-13/install/local_setup.bash'
[0.758s] INFO:colcon.colcon_core.shell:Creating prefix chain script '/home/fourfold/dev/inmind sessions/inmind-session-13/install/setup.bash'
[0.759s] INFO:colcon.colcon_core.shell:Creating prefix script '/home/fourfold/dev/inmind sessions/inmind-session-13/install/local_setup.zsh'
[0.759s] INFO:colcon.colcon_core.shell:Creating prefix chain script '/home/fourfold/dev/inmind sessions/inmind-session-13/install/setup.zsh'
