running egg_info
writing ../../build/ball_finder/ball_finder.egg-info/PKG-INFO
writing dependency_links to ../../build/ball_finder/ball_finder.egg-info/dependency_links.txt
writing entry points to ../../build/ball_finder/ball_finder.egg-info/entry_points.txt
writing requirements to ../../build/ball_finder/ball_finder.egg-info/requires.txt
writing top-level names to ../../build/ball_finder/ball_finder.egg-info/top_level.txt
reading manifest file '../../build/ball_finder/ball_finder.egg-info/SOURCES.txt'
writing manifest file '../../build/ball_finder/ball_finder.egg-info/SOURCES.txt'
running build
running build_py
copying ball_finder/ball_finder.py -> /home/fourfold/dev/inmind sessions/inmind-session-13/build/ball_finder/build/lib/ball_finder
running install
running install_lib
copying /home/fourfold/dev/inmind sessions/inmind-session-13/build/ball_finder/build/lib/ball_finder/ball_finder.py -> /home/fourfold/dev/inmind sessions/inmind-session-13/install/ball_finder/lib/python3.10/site-packages/ball_finder
byte-compiling /home/fourfold/dev/inmind sessions/inmind-session-13/install/ball_finder/lib/python3.10/site-packages/ball_finder/ball_finder.py to ball_finder.cpython-310.pyc
running install_data
running install_egg_info
removing '/home/fourfold/dev/inmind sessions/inmind-session-13/install/ball_finder/lib/python3.10/site-packages/ball_finder-0.0.0-py3.10.egg-info' (and everything under it)
Copying ../../build/ball_finder/ball_finder.egg-info to /home/fourfold/dev/inmind sessions/inmind-session-13/install/ball_finder/lib/python3.10/site-packages/ball_finder-0.0.0-py3.10.egg-info
running install_scripts
Installing finder script to /home/fourfold/dev/inmind sessions/inmind-session-13/install/ball_finder/lib/ball_finder
writing list of installed files to '/home/fourfold/dev/inmind sessions/inmind-session-13/build/ball_finder/install.log'
