[0.006s] Invoking command in '/home/fourfold/dev/inmind sessions/inmind-session-13/build/waffle_camera': CMAKE_PREFIX_PATH=/opt/ros/humble /usr/bin/cmake /home/fourfold/dev/inmind sessions/inmind-session-13/src/waffle_camera -DCMAKE_INSTALL_PREFIX=/home/fourfold/dev/inmind sessions/inmind-session-13/install/waffle_camera
[0.062s] -- The C compiler identification is GNU 11.4.0
[0.109s] -- The CXX compiler identification is GNU 11.4.0
[0.115s] -- Detecting C compiler ABI info
[0.159s] -- Detecting C compiler ABI info - done
[0.164s] -- Check for working C compiler: /usr/bin/cc - skipped
[0.164s] -- Detecting C compile features
[0.164s] -- Detecting C compile features - done
[0.166s] -- Detecting CXX compiler ABI info
[0.214s] -- Detecting CXX compiler ABI info - done
[0.220s] -- Check for working CXX compiler: /usr/bin/c++ - skipped
[0.220s] -- Detecting CXX compile features
[0.220s] -- Detecting CXX compile features - done
[0.222s] -- Found ament_cmake: 1.3.10 (/opt/ros/humble/share/ament_cmake/cmake)
[0.316s] -- Found Python3: /usr/bin/python3 (found version "3.10.12") found components: Interpreter 
[0.371s] -- Found rclcpp: 16.0.10 (/opt/ros/humble/share/rclcpp/cmake)
[0.396s] -- Found rosidl_generator_c: 3.1.5 (/opt/ros/humble/share/rosidl_generator_c/cmake)
[0.399s] -- Found rosidl_adapter: 3.1.5 (/opt/ros/humble/share/rosidl_adapter/cmake)
[0.405s] -- Found rosidl_generator_cpp: 3.1.5 (/opt/ros/humble/share/rosidl_generator_cpp/cmake)
[0.413s] -- Using all available rosidl_typesupport_c: rosidl_typesupport_fastrtps_c;rosidl_typesupport_introspection_c
[0.424s] -- Using all available rosidl_typesupport_cpp: rosidl_typesupport_fastrtps_cpp;rosidl_typesupport_introspection_cpp
[0.454s] -- Found rmw_implementation_cmake: 6.1.2 (/opt/ros/humble/share/rmw_implementation_cmake/cmake)
[0.456s] -- Found rmw_fastrtps_cpp: 6.2.7 (/opt/ros/humble/share/rmw_fastrtps_cpp/cmake)
[0.513s] -- Found OpenSSL: /usr/lib/x86_64-linux-gnu/libcrypto.so (found version "3.0.2")  
[0.531s] -- Found FastRTPS: /opt/ros/humble/include  
[0.556s] -- Using RMW implementation 'rmw_fastrtps_cpp' as default
[0.562s] -- Looking for pthread.h
[0.605s] -- Looking for pthread.h - found
[0.605s] -- Performing Test CMAKE_HAVE_LIBC_PTHREAD
[0.649s] -- Performing Test CMAKE_HAVE_LIBC_PTHREAD - Success
[0.650s] -- Found Threads: TRUE  
[0.682s] -- Found ament_lint_auto: 0.12.11 (/opt/ros/humble/share/ament_lint_auto/cmake)
[0.729s] -- Added test 'lint_cmake' to check CMake code style
[0.729s] -- Added test 'xmllint' to check XML markup files
[0.730s] -- Configuring done
[0.732s] -- Generating done
[0.733s] -- Build files have been written to: /home/fourfold/dev/inmind sessions/inmind-session-13/build/waffle_camera
