[0.007s] Invoking command in '/home/fourfold/dev/inmind sessions/inmind-session-13/build/ball_finder': CMAKE_PREFIX_PATH=/opt/ros/humble /usr/bin/cmake /home/fourfold/dev/inmind sessions/inmind-session-13/src/ball_finder -DCMAKE_INSTALL_PREFIX=/home/fourfold/dev/inmind sessions/inmind-session-13/install/ball_finder
[0.015s] -- Found ament_cmake: 1.3.10 (/opt/ros/humble/share/ament_cmake/cmake)
[0.093s] -- Found rclpy: 3.3.14 (/opt/ros/humble/share/rclpy/cmake)
[0.094s] -- Found sensor_msgs: 4.2.4 (/opt/ros/humble/share/sensor_msgs/cmake)
[0.107s] -- Found rosidl_generator_c: 3.1.5 (/opt/ros/humble/share/rosidl_generator_c/cmake)
[0.108s] -- Found rosidl_adapter: 3.1.5 (/opt/ros/humble/share/rosidl_adapter/cmake)
[0.112s] -- Found rosidl_generator_cpp: 3.1.5 (/opt/ros/humble/share/rosidl_generator_cpp/cmake)
[0.117s] -- Using all available rosidl_typesupport_c: rosidl_typesupport_fastrtps_c;rosidl_typesupport_introspection_c
[0.124s] -- Using all available rosidl_typesupport_cpp: rosidl_typesupport_fastrtps_cpp;rosidl_typesupport_introspection_cpp
[0.154s] -- Found ament_lint_auto: 0.12.11 (/opt/ros/humble/share/ament_lint_auto/cmake)
[0.198s] -- Added test 'flake8' to check Python code syntax and style conventions
[0.198s] -- Added test 'lint_cmake' to check CMake code style
[0.198s] -- Added test 'pep257' to check Python code against some of the docstring style conventions in PEP 257
[0.198s] -- Added test 'xmllint' to check XML markup files
[0.199s] -- Configuring done
[0.200s] [31mCMake Error at CMakeLists.txt:13 (add_executable):
[0.200s]   Cannot find source file:
[0.200s] 
[0.200s]     src/brewer_node.cpp
[0.200s] 
[0.200s]   Tried extensions .c .C .c++ .cc .cpp .cxx .cu .mpp .m .M .mm .ixx .cppm .h
[0.200s]   .hh .h++ .hm .hpp .hxx .in .txx .f .F .for .f77 .f90 .f95 .f03 .hip .ispc
[0.200s] 
[0.200s] [0m
[0.200s] [31mCMake Error at CMakeLists.txt:13 (add_executable):
[0.201s]   No SOURCES given to target: ball_finder
[0.201s] 
[0.201s] [0m
[0.201s] [0mCMake Generate step failed.  Build files cannot be regenerated correctly.[0m
[0.203s] Invoked command in '/home/fourfold/dev/inmind sessions/inmind-session-13/build/ball_finder' returned '1': CMAKE_PREFIX_PATH=/opt/ros/humble /usr/bin/cmake /home/fourfold/dev/inmind sessions/inmind-session-13/src/ball_finder -DCMAKE_INSTALL_PREFIX=/home/fourfold/dev/inmind sessions/inmind-session-13/install/ball_finder
