running egg_info
creating ../../build/ball_finder/ball_finder.egg-info
writing ../../build/ball_finder/ball_finder.egg-info/PKG-INFO
writing dependency_links to ../../build/ball_finder/ball_finder.egg-info/dependency_links.txt
writing entry points to ../../build/ball_finder/ball_finder.egg-info/entry_points.txt
writing requirements to ../../build/ball_finder/ball_finder.egg-info/requires.txt
writing top-level names to ../../build/ball_finder/ball_finder.egg-info/top_level.txt
writing manifest file '../../build/ball_finder/ball_finder.egg-info/SOURCES.txt'
reading manifest file '../../build/ball_finder/ball_finder.egg-info/SOURCES.txt'
writing manifest file '../../build/ball_finder/ball_finder.egg-info/SOURCES.txt'
running build
running build_py
creating /home/fourfold/dev/inmind sessions/inmind-session-13/build/ball_finder/build
creating /home/fourfold/dev/inmind sessions/inmind-session-13/build/ball_finder/build/lib
creating /home/fourfold/dev/inmind sessions/inmind-session-13/build/ball_finder/build/lib/ball_finder
copying ball_finder/ball_finder.py -> /home/fourfold/dev/inmind sessions/inmind-session-13/build/ball_finder/build/lib/ball_finder
copying ball_finder/__init__.py -> /home/fourfold/dev/inmind sessions/inmind-session-13/build/ball_finder/build/lib/ball_finder
running install
running install_lib
creating /home/fourfold/dev/inmind sessions/inmind-session-13/install/ball_finder/lib/python3.10/site-packages/ball_finder
copying /home/fourfold/dev/inmind sessions/inmind-session-13/build/ball_finder/build/lib/ball_finder/ball_finder.py -> /home/fourfold/dev/inmind sessions/inmind-session-13/install/ball_finder/lib/python3.10/site-packages/ball_finder
copying /home/fourfold/dev/inmind sessions/inmind-session-13/build/ball_finder/build/lib/ball_finder/__init__.py -> /home/fourfold/dev/inmind sessions/inmind-session-13/install/ball_finder/lib/python3.10/site-packages/ball_finder
byte-compiling /home/fourfold/dev/inmind sessions/inmind-session-13/install/ball_finder/lib/python3.10/site-packages/ball_finder/ball_finder.py to ball_finder.cpython-310.pyc
byte-compiling /home/fourfold/dev/inmind sessions/inmind-session-13/install/ball_finder/lib/python3.10/site-packages/ball_finder/__init__.py to __init__.cpython-310.pyc
running install_data
creating /home/fourfold/dev/inmind sessions/inmind-session-13/install/ball_finder/share/ament_index
creating /home/fourfold/dev/inmind sessions/inmind-session-13/install/ball_finder/share/ament_index/resource_index
creating /home/fourfold/dev/inmind sessions/inmind-session-13/install/ball_finder/share/ament_index/resource_index/packages
copying resource/ball_finder -> /home/fourfold/dev/inmind sessions/inmind-session-13/install/ball_finder/share/ament_index/resource_index/packages
copying package.xml -> /home/fourfold/dev/inmind sessions/inmind-session-13/install/ball_finder/share/ball_finder
running install_egg_info
Copying ../../build/ball_finder/ball_finder.egg-info to /home/fourfold/dev/inmind sessions/inmind-session-13/install/ball_finder/lib/python3.10/site-packages/ball_finder-0.0.0-py3.10.egg-info
running install_scripts
Installing finder script to /home/fourfold/dev/inmind sessions/inmind-session-13/install/ball_finder/lib/ball_finder
writing list of installed files to '/home/fourfold/dev/inmind sessions/inmind-session-13/build/ball_finder/install.log'
